<?xml version="1.0" encoding="UTF-8"?>
<!-- Generated by org.testng.reporters.JUnitXMLReporter -->
<testsuite ignored="0" hostname="LaNave" failures="0" tests="8" name="Default test" time="82.155" errors="0" timestamp="2024-07-22T16:39:30 EDT">
  <testcase classname="valuesite.tests.SucursalClienteTestCli" name="limpiaCampoNombre" time="1.133"/>
  <testcase classname="valuesite.tests.SucursalClienteTestCli" name="limpiaCampoDireccion" time="0.858"/>
  <testcase classname="valuesite.tests.SucursalClienteTestCli" name="nombreObligatorio" time="2.344"/>
  <testcase classname="valuesite.tests.SucursalClienteTestCli" name="direccionObligatorio" time="3.039"/>
  <testcase classname="valuesite.tests.SucursalClienteTestCli" name="creaSucursal" time="25.075"/>
  <testcase classname="valuesite.tests.SucursalClienteTestCli" name="modificarSucursal" time="31.97"/>
  <testcase classname="valuesite.tests.SucursalClienteTestCli" name="filtroNombre" time="3.422"/>
  <testcase classname="valuesite.tests.SucursalClienteTestCli" name="filtroEstado" time="2.072"/>
</testsuite> <!-- Default test -->
