<?xml version="1.0" encoding="UTF-8"?>
<!-- Generated by org.testng.reporters.JUnitXMLReporter -->
<testsuite ignored="0" hostname="DESKTOP-22PJE9D" failures="0" tests="4" name="Area" time="97.411" errors="0" timestamp="2024-04-02T13:33:50 CLST">
  <testcase classname="valuesite.tests.MantenedorAreaRT" name="creaAreaActivaTest" time="19.998"/>
  <testcase classname="valuesite.tests.MantenedorAreaRT" name="creaAreaInactivaTest" time="20.151"/>
  <testcase classname="valuesite.tests.MantenedorAreaRT" name="modificaAreaTest" time="19.383"/>
  <testcase classname="valuesite.tests.MantenedorAreaRT" name="nombreObligatorioTest" time="11.36"/>
</testsuite> <!-- Area -->
