<?xml version="1.0" encoding="UTF-8"?>
<!-- Generated by org.testng.reporters.JUnitXMLReporter -->
<testsuite ignored="0" hostname="LaNave" failures="0" tests="6" name="Area RT" time="52.817" errors="0" timestamp="2024-06-07T16:42:12 EDT">
  <testcase classname="valuesite.tests.MantenedorAreaTestRT" name="nombreObligatorioTest" time="0.128"/>
  <testcase classname="valuesite.tests.MantenedorAreaTestRT" name="creaAreaActivaTest" time="4.197"/>
  <testcase classname="valuesite.tests.MantenedorAreaTestRT" name="creaAreaInactivaTest" time="4.477"/>
  <testcase classname="valuesite.tests.MantenedorAreaTestRT" name="modificaAreaTest" time="6.419"/>
  <testcase classname="valuesite.tests.MantenedorAreaTestRT" name="filtroNombreAreaTest" time="2.576"/>
  <testcase classname="valuesite.tests.MantenedorAreaTestRT" name="filtroEstadoAreaTest" time="8.123"/>
</testsuite> <!-- Area RT -->
