<?xml version="1.0" encoding="UTF-8"?>
<!-- Generated by org.testng.reporters.JUnitXMLReporter -->
<testsuite ignored="0" hostname="DESKTOP-LANAVE" failures="0" tests="6" name="Area RT" time="43.592" errors="0" timestamp="2024-04-22T15:21:50 CLT">
  <testcase classname="valuesite.tests.MantenedorAreaTestRT" name="nombreObligatorioTest" time="0.123"/>
  <testcase classname="valuesite.tests.MantenedorAreaTestRT" name="creaAreaActivaTest" time="4.189"/>
  <testcase classname="valuesite.tests.MantenedorAreaTestRT" name="creaAreaInactivaTest" time="4.466"/>
  <testcase classname="valuesite.tests.MantenedorAreaTestRT" name="modificaAreaTest" time="6.331"/>
  <testcase classname="valuesite.tests.MantenedorAreaTestRT" name="filtroNombreAreaTest" time="2.465"/>
  <testcase classname="valuesite.tests.MantenedorAreaTestRT" name="filtroEstadoAreaTest" time="7.907"/>
</testsuite> <!-- Area RT -->
