<?xml version="1.0" encoding="UTF-8"?>
<!-- Generated by org.testng.reporters.JUnitXMLReporter -->
<testsuite ignored="0" hostname="DESKTOP-LANAVE" failures="0" tests="6" name="Area RT" time="39.667" errors="0" timestamp="2024-04-24T17:03:02 CLT">
  <testcase classname="valuesite.tests.MantenedorAreaTestRT" name="nombreObligatorioTest" time="0.126"/>
  <testcase classname="valuesite.tests.MantenedorAreaTestRT" name="creaAreaActivaTest" time="4.207"/>
  <testcase classname="valuesite.tests.MantenedorAreaTestRT" name="creaAreaInactivaTest" time="4.491"/>
  <testcase classname="valuesite.tests.MantenedorAreaTestRT" name="modificaAreaTest" time="6.472"/>
  <testcase classname="valuesite.tests.MantenedorAreaTestRT" name="filtroNombreAreaTest" time="2.467"/>
  <testcase classname="valuesite.tests.MantenedorAreaTestRT" name="filtroEstadoAreaTest" time="7.855"/>
</testsuite> <!-- Area RT -->
