<?xml version="1.0" encoding="UTF-8"?>
<!-- Generated by org.testng.reporters.JUnitXMLReporter -->
<testsuite ignored="0" hostname="DESKTOP-LANAVE" failures="0" tests="6" name="Area RT" time="9.042" errors="0" timestamp="2024-04-26T15:51:14 CLT">
  <testcase classname="valuesite.tests.MantenedorAreaTestCliente" name="@BeforeClass ingresaMantenedor" time="0.424">
    <failure type="org.openqa.selenium.ElementNotInteractableException" message="element not interactable
  (Session info: chrome=124.0.6367.91)
Build info: version: &amp;apos;4.19.1&amp;apos;, revision: &amp;apos;abe0ee07dc&amp;apos;
System info: os.name: &amp;apos;Windows 10&amp;apos;, os.arch: &amp;apos;amd64&amp;apos;, os.version: &amp;apos;10.0&amp;apos;, java.version: &amp;apos;21&amp;apos;
Driver info: org.openqa.selenium.chrome.ChromeDriver
Command: [249f52b42ec3f39a4c9c83595773ab43, sendKeysToElement {id=f.BBD7A2B0F1A7E4C1BDFE26F79DA544CF.d.706E5893F24F992FBBD41D2DFAAD030A.e.91, value=[Ljava.lang.CharSequence;@448c06a9}]
Capabilities {acceptInsecureCerts: false, browserName: chrome, browserVersion: 124.0.6367.91, chrome: {chromedriverVersion: 124.0.6367.91 (51df0e5e17a8..., userDataDir: C:\Users\Felip\AppData\Loca...}, fedcm:accounts: true, goog:chromeOptions: {debuggerAddress: localhost:61956}, networkConnectionEnabled: false, pageLoadStrategy: normal, platformName: windows, proxy: Proxy(), se:cdp: ws://localhost:61956/devtoo..., se:cdpVersion: 124.0.6367.91, setWindowRect: true, strictFileInteractability: false, timeouts: {implicit: 0, pageLoad: 300000, script: 30000}, unhandledPromptBehavior: dismiss and notify, webauthn:extension:credBlob: true, webauthn:extension:largeBlob: true, webauthn:extension:minPinLength: true, webauthn:extension:prf: true, webauthn:virtualAuthenticators: true}
Element: [[ChromeDriver: chrome on windows (249f52b42ec3f39a4c9c83595773ab43)] -&amp;gt; id: txtContraseña]
Session ID: 249f52b42ec3f39a4c9c83595773ab43">
      <![CDATA[org.openqa.selenium.ElementNotInteractableException: element not interactable
  (Session info: chrome=124.0.6367.91)
Build info: version: '4.19.1', revision: 'abe0ee07dc'
System info: os.name: 'Windows 10', os.arch: 'amd64', os.version: '10.0', java.version: '21'
Driver info: org.openqa.selenium.chrome.ChromeDriver
Command: [249f52b42ec3f39a4c9c83595773ab43, sendKeysToElement {id=f.BBD7A2B0F1A7E4C1BDFE26F79DA544CF.d.706E5893F24F992FBBD41D2DFAAD030A.e.91, value=[Ljava.lang.CharSequence;@448c06a9}]
Capabilities {acceptInsecureCerts: false, browserName: chrome, browserVersion: 124.0.6367.91, chrome: {chromedriverVersion: 124.0.6367.91 (51df0e5e17a8..., userDataDir: C:\Users\Felip\AppData\Loca...}, fedcm:accounts: true, goog:chromeOptions: {debuggerAddress: localhost:61956}, networkConnectionEnabled: false, pageLoadStrategy: normal, platformName: windows, proxy: Proxy(), se:cdp: ws://localhost:61956/devtoo..., se:cdpVersion: 124.0.6367.91, setWindowRect: true, strictFileInteractability: false, timeouts: {implicit: 0, pageLoad: 300000, script: 30000}, unhandledPromptBehavior: dismiss and notify, webauthn:extension:credBlob: true, webauthn:extension:largeBlob: true, webauthn:extension:minPinLength: true, webauthn:extension:prf: true, webauthn:virtualAuthenticators: true}
Element: [[ChromeDriver: chrome on windows (249f52b42ec3f39a4c9c83595773ab43)] -> id: txtContraseña]
Session ID: 249f52b42ec3f39a4c9c83595773ab43
at org.openqa.selenium.remote.ErrorCodec.decode(ErrorCodec.java:167)
at org.openqa.selenium.remote.codec.w3c.W3CHttpResponseCodec.decode(W3CHttpResponseCodec.java:138)
at org.openqa.selenium.remote.codec.w3c.W3CHttpResponseCodec.decode(W3CHttpResponseCodec.java:50)
at org.openqa.selenium.remote.HttpCommandExecutor.execute(HttpCommandExecutor.java:190)
at org.openqa.selenium.remote.service.DriverCommandExecutor.invokeExecute(DriverCommandExecutor.java:216)
at org.openqa.selenium.remote.service.DriverCommandExecutor.execute(DriverCommandExecutor.java:174)
at org.openqa.selenium.remote.RemoteWebDriver.execute(RemoteWebDriver.java:518)
at org.openqa.selenium.remote.RemoteWebElement.execute(RemoteWebElement.java:223)
at org.openqa.selenium.remote.RemoteWebElement.sendKeys(RemoteWebElement.java:110)
at org.openqa.selenium.support.pagefactory.internal.LocatingElementHandler.invoke(LocatingElementHandler.java:51)
at jdk.proxy2/jdk.proxy2.$Proxy15.sendKeys(Unknown Source)
at valuesite.pageobjects.Login.iniciarSesion(Login.java:44)
at valuesite.tests.MantenedorAreaTestCliente.ingresaMantenedor(MantenedorAreaTestCliente.java:33)
at java.base/java.util.ArrayList.forEach(ArrayList.java:1596)
at java.base/java.util.concurrent.FutureTask.run(FutureTask.java:317)
at java.base/java.util.concurrent.ThreadPoolExecutor.runWorker(ThreadPoolExecutor.java:1144)
at java.base/java.util.concurrent.ThreadPoolExecutor$Worker.run(ThreadPoolExecutor.java:642)
at java.base/java.lang.Thread.run(Thread.java:1583)
... Removed 19 stack frames]]>
    </failure>
  </testcase> <!-- @BeforeClass ingresaMantenedor -->
  <testcase classname="valuesite.testcomponents.BaseTest" name="@AfterTest Finalizar" time="-1.714161072885E9">
    <skipped/>
  </testcase> <!-- @AfterTest Finalizar -->
  <testcase classname="valuesite.tests.MantenedorAreaTestRT" name="@BeforeClass ingresaMantenedor" time="2.403">
    <failure type="org.openqa.selenium.ElementClickInterceptedException" message="element click intercepted: Element &amp;lt;button id=&amp;quot;btnLoginModal&amp;quot; class=&amp;quot;btn-turquoise-ds font-size-16&amp;quot; type=&amp;quot;submit&amp;quot;&amp;gt;...&amp;lt;/button&amp;gt; is not clickable at point (960, 397). Other element would receive the click: &amp;lt;div class=&amp;quot;modal fade right show&amp;quot; id=&amp;quot;ErrorActualizar&amp;quot; tabindex=&amp;quot;-1&amp;quot; role=&amp;quot;dialog&amp;quot; aria-labelledby=&amp;quot;myModalLabel&amp;quot; style=&amp;quot;z-index: 999999; display: block;&amp;quot; aria-modal=&amp;quot;true&amp;quot;&amp;gt;...&amp;lt;/div&amp;gt;
  (Session info: chrome=124.0.6367.91)
Build info: version: &amp;apos;4.19.1&amp;apos;, revision: &amp;apos;abe0ee07dc&amp;apos;
System info: os.name: &amp;apos;Windows 10&amp;apos;, os.arch: &amp;apos;amd64&amp;apos;, os.version: &amp;apos;10.0&amp;apos;, java.version: &amp;apos;21&amp;apos;
Driver info: org.openqa.selenium.chrome.ChromeDriver
Command: [249f52b42ec3f39a4c9c83595773ab43, clickElement {id=f.BBD7A2B0F1A7E4C1BDFE26F79DA544CF.d.706E5893F24F992FBBD41D2DFAAD030A.e.100}]
Capabilities {acceptInsecureCerts: false, browserName: chrome, browserVersion: 124.0.6367.91, chrome: {chromedriverVersion: 124.0.6367.91 (51df0e5e17a8..., userDataDir: C:\Users\Felip\AppData\Loca...}, fedcm:accounts: true, goog:chromeOptions: {debuggerAddress: localhost:61956}, networkConnectionEnabled: false, pageLoadStrategy: normal, platformName: windows, proxy: Proxy(), se:cdp: ws://localhost:61956/devtoo..., se:cdpVersion: 124.0.6367.91, setWindowRect: true, strictFileInteractability: false, timeouts: {implicit: 0, pageLoad: 300000, script: 30000}, unhandledPromptBehavior: dismiss and notify, webauthn:extension:credBlob: true, webauthn:extension:largeBlob: true, webauthn:extension:minPinLength: true, webauthn:extension:prf: true, webauthn:virtualAuthenticators: true}
Element: [[ChromeDriver: chrome on windows (249f52b42ec3f39a4c9c83595773ab43)] -&amp;gt; id: btnLoginModal]
Session ID: 249f52b42ec3f39a4c9c83595773ab43">
      <![CDATA[org.openqa.selenium.ElementClickInterceptedException: element click intercepted: Element <button id="btnLoginModal" class="btn-turquoise-ds font-size-16" type="submit">...</button> is not clickable at point (960, 397). Other element would receive the click: <div class="modal fade right show" id="ErrorActualizar" tabindex="-1" role="dialog" aria-labelledby="myModalLabel" style="z-index: 999999; display: block;" aria-modal="true">...</div>
  (Session info: chrome=124.0.6367.91)
Build info: version: '4.19.1', revision: 'abe0ee07dc'
System info: os.name: 'Windows 10', os.arch: 'amd64', os.version: '10.0', java.version: '21'
Driver info: org.openqa.selenium.chrome.ChromeDriver
Command: [249f52b42ec3f39a4c9c83595773ab43, clickElement {id=f.BBD7A2B0F1A7E4C1BDFE26F79DA544CF.d.706E5893F24F992FBBD41D2DFAAD030A.e.100}]
Capabilities {acceptInsecureCerts: false, browserName: chrome, browserVersion: 124.0.6367.91, chrome: {chromedriverVersion: 124.0.6367.91 (51df0e5e17a8..., userDataDir: C:\Users\Felip\AppData\Loca...}, fedcm:accounts: true, goog:chromeOptions: {debuggerAddress: localhost:61956}, networkConnectionEnabled: false, pageLoadStrategy: normal, platformName: windows, proxy: Proxy(), se:cdp: ws://localhost:61956/devtoo..., se:cdpVersion: 124.0.6367.91, setWindowRect: true, strictFileInteractability: false, timeouts: {implicit: 0, pageLoad: 300000, script: 30000}, unhandledPromptBehavior: dismiss and notify, webauthn:extension:credBlob: true, webauthn:extension:largeBlob: true, webauthn:extension:minPinLength: true, webauthn:extension:prf: true, webauthn:virtualAuthenticators: true}
Element: [[ChromeDriver: chrome on windows (249f52b42ec3f39a4c9c83595773ab43)] -> id: btnLoginModal]
Session ID: 249f52b42ec3f39a4c9c83595773ab43
at org.openqa.selenium.remote.ErrorCodec.decode(ErrorCodec.java:167)
at org.openqa.selenium.remote.codec.w3c.W3CHttpResponseCodec.decode(W3CHttpResponseCodec.java:138)
at org.openqa.selenium.remote.codec.w3c.W3CHttpResponseCodec.decode(W3CHttpResponseCodec.java:50)
at org.openqa.selenium.remote.HttpCommandExecutor.execute(HttpCommandExecutor.java:190)
at org.openqa.selenium.remote.service.DriverCommandExecutor.invokeExecute(DriverCommandExecutor.java:216)
at org.openqa.selenium.remote.service.DriverCommandExecutor.execute(DriverCommandExecutor.java:174)
at org.openqa.selenium.remote.RemoteWebDriver.execute(RemoteWebDriver.java:518)
at org.openqa.selenium.remote.RemoteWebElement.execute(RemoteWebElement.java:223)
at org.openqa.selenium.remote.RemoteWebElement.click(RemoteWebElement.java:76)
at org.openqa.selenium.support.pagefactory.internal.LocatingElementHandler.invoke(LocatingElementHandler.java:51)
at jdk.proxy2/jdk.proxy2.$Proxy15.click(Unknown Source)
at valuesite.pageobjects.Login.iniciarSesion(Login.java:45)
at valuesite.tests.MantenedorAreaTestRT.ingresaMantenedor(MantenedorAreaTestRT.java:38)
at java.base/java.util.ArrayList.forEach(ArrayList.java:1596)
at java.base/java.util.concurrent.FutureTask.run(FutureTask.java:317)
at java.base/java.util.concurrent.ThreadPoolExecutor.runWorker(ThreadPoolExecutor.java:1144)
at java.base/java.util.concurrent.ThreadPoolExecutor$Worker.run(ThreadPoolExecutor.java:642)
at java.base/java.lang.Thread.run(Thread.java:1583)
... Removed 19 stack frames]]>
    </failure>
  </testcase> <!-- @BeforeClass ingresaMantenedor -->
  <testcase classname="valuesite.testcomponents.BaseTest" name="@AfterTest Finalizar" time="-1.714161073999E9">
    <skipped/>
  </testcase> <!-- @AfterTest Finalizar -->
  <testcase classname="valuesite.tests.MantenedorAreaTestRT" name="nombreObligatorioTest" time="0.0">
    <skipped/>
  </testcase> <!-- nombreObligatorioTest -->
  <testcase classname="valuesite.tests.MantenedorAreaTestRT" name="creaAreaActivaTest" time="0.0">
    <skipped/>
  </testcase> <!-- creaAreaActivaTest -->
  <testcase classname="valuesite.tests.MantenedorAreaTestRT" name="creaAreaInactivaTest" time="0.0">
    <skipped/>
  </testcase> <!-- creaAreaInactivaTest -->
  <testcase classname="valuesite.tests.MantenedorAreaTestRT" name="modificaAreaTest" time="0.0">
    <skipped/>
  </testcase> <!-- modificaAreaTest -->
  <testcase classname="valuesite.tests.MantenedorAreaTestRT" name="filtroNombreAreaTest" time="0.0">
    <skipped/>
  </testcase> <!-- filtroNombreAreaTest -->
  <testcase classname="valuesite.tests.MantenedorAreaTestRT" name="filtroEstadoAreaTest" time="0.0">
    <skipped/>
  </testcase> <!-- filtroEstadoAreaTest -->
</testsuite> <!-- Area RT -->
