<?xml version="1.0" encoding="UTF-8"?>
<!-- Generated by org.testng.reporters.JUnitXMLReporter -->
<testsuite ignored="0" hostname="LaNave" failures="0" tests="6" name="Area RT" time="42.669" errors="0" timestamp="2024-05-29T16:54:00 EDT">
  <testcase classname="valuesite.tests.MantenedorAreaTestRT" name="nombreObligatorioTest" time="0.135"/>
  <testcase classname="valuesite.tests.MantenedorAreaTestRT" name="creaAreaActivaTest" time="4.235"/>
  <testcase classname="valuesite.tests.MantenedorAreaTestRT" name="creaAreaInactivaTest" time="4.467"/>
  <testcase classname="valuesite.tests.MantenedorAreaTestRT" name="modificaAreaTest" time="6.53"/>
  <testcase classname="valuesite.tests.MantenedorAreaTestRT" name="filtroNombreAreaTest" time="2.643"/>
  <testcase classname="valuesite.tests.MantenedorAreaTestRT" name="filtroEstadoAreaTest" time="8.221"/>
</testsuite> <!-- Area RT -->
