<?xml version="1.0" encoding="UTF-8"?>
<!-- Generated by org.testng.reporters.JUnitXMLReporter -->
<testsuite ignored="0" hostname="DESKTOP-N3S3FJH" failures="0" tests="6" name="Area RT" time="43.584" errors="0" timestamp="2024-04-24T17:47:39 CLT">
  <testcase classname="valuesite.tests.MantenedorAreaTestRT" name="nombreObligatorioTest" time="0.22"/>
  <testcase classname="valuesite.tests.MantenedorAreaTestRT" name="creaAreaActivaTest" time="4.384"/>
  <testcase classname="valuesite.tests.MantenedorAreaTestRT" name="creaAreaInactivaTest" time="4.623"/>
  <testcase classname="valuesite.tests.MantenedorAreaTestRT" name="modificaAreaTest" time="7.104"/>
  <testcase classname="valuesite.tests.MantenedorAreaTestRT" name="filtroNombreAreaTest" time="2.929"/>
  <testcase classname="valuesite.tests.MantenedorAreaTestRT" name="filtroEstadoAreaTest" time="9.041"/>
</testsuite> <!-- Area RT -->
