<?xml version="1.0" encoding="UTF-8"?>
<!-- Generated by org.testng.reporters.JUnitXMLReporter -->
<testsuite ignored="0" hostname="LaNave" failures="1" tests="6" name="Modificacion PIN RT" time="17.365" errors="0" timestamp="2024-06-27T16:40:33 EDT">
  <testcase classname="valuesite.tests.ModificacionPinTestRT" name="vaciaCampo" time="0.093"/>
  <testcase classname="valuesite.tests.ModificacionPinTestRT" name="ingresarPin" time="0.091"/>
  <testcase classname="valuesite.tests.ModificacionPinTestRT" name="actualizaPin" time="0.331"/>
  <testcase classname="valuesite.tests.ModificacionPinTestRT" name="actualizaSinDatos" time="0.089"/>
  <testcase classname="valuesite.tests.ModificacionPinTestRT" name="actualizaConCaracteresEspeciales" time="1.743"/>
  <testcase classname="valuesite.tests.ModificacionPinTestRT" name="limpiaCampo" time="0.112">
    <failure type="java.lang.AssertionError" message="El campo PIN no se limpio correctamente al presionar cancelar">
      <![CDATA[java.lang.AssertionError: El campo PIN no se limpio correctamente al presionar cancelar
at valuesite.tests.ModificacionPinTestRT.limpiaCampo(ModificacionPinTestRT.java:186)
at java.base/java.util.ArrayList.forEach(ArrayList.java:1511)
... Removed 28 stack frames]]>
    </failure>
  </testcase> <!-- limpiaCampo -->
</testsuite> <!-- Modificacion PIN RT -->
