<?xml version="1.0" encoding="UTF-8"?>
<!-- Generated by org.testng.reporters.JUnitXMLReporter -->
<testsuite ignored="0" hostname="LaNave" failures="0" tests="10" name="Sucursales RT" time="58.637" errors="0" timestamp="2024-05-29T16:23:32 EDT">
  <testcase classname="valuesite.tests.SucursalTestRT" name="limpiaCampoNombre" time="0.219"/>
  <testcase classname="valuesite.tests.SucursalTestRT" name="limpiaSelectCiudad" time="0.212"/>
  <testcase classname="valuesite.tests.SucursalTestRT" name="limpiaCampoDireccion" time="3.015"/>
  <testcase classname="valuesite.tests.SucursalTestRT" name="nombreObligatorio" time="1.602"/>
  <testcase classname="valuesite.tests.SucursalTestRT" name="ciudadObligatorio" time="2.027"/>
  <testcase classname="valuesite.tests.SucursalTestRT" name="direccionObligatorio" time="1.384"/>
  <testcase classname="valuesite.tests.SucursalTestRT" name="creaSucursal" time="7.69"/>
  <testcase classname="valuesite.tests.SucursalTestRT" name="visibilidadConvenio" time="12.787"/>
  <testcase classname="valuesite.tests.SucursalTestRT" name="modificarSucursal" time="14.129"/>
  <testcase classname="valuesite.tests.SucursalTestRT" name="filtroNombre" time="0.591"/>
</testsuite> <!-- Sucursales RT -->
