<?xml version="1.0" encoding="UTF-8"?>
<!-- Generated by org.testng.reporters.JUnitXMLReporter -->
<testsuite ignored="0" hostname="LaNave" failures="0" tests="7" name="Sucursales cliente RT" time="57.984" errors="0" timestamp="2024-07-22T15:19:31 EDT">
  <testcase classname="valuesite.tests.SucursalClienteTestRT" name="limpiaCampoNombre" time="0.138"/>
  <testcase classname="valuesite.tests.SucursalClienteTestRT" name="limpiaCampoDireccion" time="4.44"/>
  <testcase classname="valuesite.tests.SucursalClienteTestRT" name="nombreObligatorio" time="1.869"/>
  <testcase classname="valuesite.tests.SucursalClienteTestRT" name="direccionObligatorio" time="6.775"/>
  <testcase classname="valuesite.tests.SucursalClienteTestRT" name="creaSucursal" time="11.957"/>
  <testcase classname="valuesite.tests.SucursalClienteTestRT" name="modificarSucursal" time="19.144"/>
  <testcase classname="valuesite.tests.SucursalClienteTestRT" name="filtroNombre" time="0.493"/>
</testsuite> <!-- Sucursales cliente RT -->
