<?xml version="1.0" encoding="UTF-8"?>
<!-- Generated by org.testng.reporters.JUnitXMLReporter -->
<testsuite ignored="0" hostname="LaNave" failures="0" tests="7" name="Sucursales cliente Cli" time="62.962" errors="0" timestamp="2024-07-22T15:20:34 EDT">
  <testcase classname="valuesite.tests.SucursalClienteTestCli" name="limpiaCampoNombre" time="1.137"/>
  <testcase classname="valuesite.tests.SucursalClienteTestCli" name="limpiaCampoDireccion" time="0.845"/>
  <testcase classname="valuesite.tests.SucursalClienteTestCli" name="nombreObligatorio" time="2.381"/>
  <testcase classname="valuesite.tests.SucursalClienteTestCli" name="direccionObligatorio" time="3.029"/>
  <testcase classname="valuesite.tests.SucursalClienteTestCli" name="creaSucursal" time="19.882"/>
  <testcase classname="valuesite.tests.SucursalClienteTestCli" name="modificarSucursal" time="25.882"/>
  <testcase classname="valuesite.tests.SucursalClienteTestCli" name="filtroNombre" time="2.28"/>
</testsuite> <!-- Sucursales cliente Cli -->
