<?xml version="1.0" encoding="UTF-8"?>
<testng-results ignored="0" total="13" passed="12" failed="1" skipped="0">
  <reporter-output>
  </reporter-output>
  <suite started-at="2024-04-22T11:35:47 CLT" name="Mantenedores Administrativos" finished-at="2024-04-22T11:36:44 CLT" duration-ms="56555">
    <groups>
    </groups>
    <test started-at="2024-04-22T11:35:47 CLT" name="Modificacion pin RT" finished-at="2024-04-22T11:36:17 CLT" duration-ms="29358">
      <class name="valuesite.tests.ModificacionPinTestRT">
        <test-method is-config="true" signature="lanzarNavegador()[pri:0, instance:valuesite.tests.ModificacionPinTestRT@35cabb2a]" started-at="2024-04-22T11:35:47 CLT" name="lanzarNavegador" finished-at="2024-04-22T11:35:53 CLT" duration-ms="5613" status="PASS">
          <reporter-output>
          </reporter-output>
        </test-method> <!-- lanzarNavegador -->
        <test-method is-config="true" signature="setUp()[pri:0, instance:valuesite.tests.ModificacionPinTestRT@35cabb2a]" started-at="2024-04-22T11:35:53 CLT" name="setUp" finished-at="2024-04-22T11:35:53 CLT" depends-on-methods="valuesite.testcomponents.BaseTest.lanzarNavegador" duration-ms="5" status="PASS">
          <reporter-output>
          </reporter-output>
        </test-method> <!-- setUp -->
        <test-method is-config="true" signature="ingresaMantenedor()[pri:0, instance:valuesite.tests.ModificacionPinTestRT@35cabb2a]" started-at="2024-04-22T11:35:53 CLT" name="ingresaMantenedor" finished-at="2024-04-22T11:36:03 CLT" duration-ms="9642" status="PASS">
          <reporter-output>
          </reporter-output>
        </test-method> <!-- ingresaMantenedor -->
        <test-method signature="vaciaCampo()[pri:1, instance:valuesite.tests.ModificacionPinTestRT@35cabb2a]" started-at="2024-04-22T11:36:03 CLT" name="vaciaCampo" finished-at="2024-04-22T11:36:03 CLT" duration-ms="125" status="PASS">
          <reporter-output>
          </reporter-output>
        </test-method> <!-- vaciaCampo -->
        <test-method signature="ingresarPin()[pri:2, instance:valuesite.tests.ModificacionPinTestRT@35cabb2a]" started-at="2024-04-22T11:36:03 CLT" name="ingresarPin" finished-at="2024-04-22T11:36:03 CLT" duration-ms="101" status="PASS">
          <reporter-output>
          </reporter-output>
        </test-method> <!-- ingresarPin -->
        <test-method signature="actualizaPin()[pri:3, instance:valuesite.tests.ModificacionPinTestRT@35cabb2a]" started-at="2024-04-22T11:36:03 CLT" name="actualizaPin" finished-at="2024-04-22T11:36:03 CLT" duration-ms="347" status="PASS">
          <reporter-output>
          </reporter-output>
        </test-method> <!-- actualizaPin -->
        <test-method signature="actualizaSinDatos()[pri:4, instance:valuesite.tests.ModificacionPinTestRT@35cabb2a]" started-at="2024-04-22T11:36:03 CLT" name="actualizaSinDatos" finished-at="2024-04-22T11:36:03 CLT" duration-ms="106" status="PASS">
          <reporter-output>
          </reporter-output>
        </test-method> <!-- actualizaSinDatos -->
        <test-method signature="actualizaConCaracteresEspeciales()[pri:5, instance:valuesite.tests.ModificacionPinTestRT@35cabb2a]" started-at="2024-04-22T11:36:03 CLT" name="actualizaConCaracteresEspeciales" finished-at="2024-04-22T11:36:17 CLT" duration-ms="13088" status="PASS">
          <reporter-output>
          </reporter-output>
        </test-method> <!-- actualizaConCaracteresEspeciales -->
        <test-method signature="limpiaCampo()[pri:6, instance:valuesite.tests.ModificacionPinTestRT@35cabb2a]" started-at="2024-04-22T11:36:17 CLT" name="limpiaCampo" finished-at="2024-04-22T11:36:17 CLT" duration-ms="125" status="FAIL">
          <exception class="java.lang.AssertionError">
            <message>
              <![CDATA[expected [true] but found [false]]]>
            </message>
            <full-stacktrace>
              <![CDATA[java.lang.AssertionError: expected [true] but found [false]
at org.testng.Assert.fail(Assert.java:99)
at org.testng.Assert.failNotEquals(Assert.java:1037)
at org.testng.Assert.assertTrue(Assert.java:45)
at org.testng.Assert.assertTrue(Assert.java:55)
at valuesite.tests.ModificacionPinTestRT.limpiaCampo(ModificacionPinTestRT.java:150)
at java.base/jdk.internal.reflect.DirectMethodHandleAccessor.invoke(DirectMethodHandleAccessor.java:103)
at java.base/java.lang.reflect.Method.invoke(Method.java:580)
at org.testng.internal.MethodInvocationHelper.invokeMethod(MethodInvocationHelper.java:133)
at org.testng.internal.TestInvoker.invokeMethod(TestInvoker.java:598)
at org.testng.internal.TestInvoker.invokeTestMethod(TestInvoker.java:173)
at org.testng.internal.MethodRunner.runInSequence(MethodRunner.java:46)
at org.testng.internal.TestInvoker$MethodInvocationAgent.invoke(TestInvoker.java:824)
at org.testng.internal.TestInvoker.invokeTestMethods(TestInvoker.java:146)
at org.testng.internal.TestMethodWorker.invokeTestMethods(TestMethodWorker.java:146)
at org.testng.internal.TestMethodWorker.run(TestMethodWorker.java:128)
at java.base/java.util.ArrayList.forEach(ArrayList.java:1596)
at org.testng.TestRunner.privateRun(TestRunner.java:794)
at org.testng.TestRunner.run(TestRunner.java:596)
at org.testng.SuiteRunner.runTest(SuiteRunner.java:377)
at org.testng.SuiteRunner.runSequentially(SuiteRunner.java:371)
at org.testng.SuiteRunner.privateRun(SuiteRunner.java:332)
at org.testng.SuiteRunner.run(SuiteRunner.java:276)
at org.testng.SuiteRunnerWorker.runSuite(SuiteRunnerWorker.java:53)
at org.testng.SuiteRunnerWorker.run(SuiteRunnerWorker.java:96)
at org.testng.TestNG.runSuitesSequentially(TestNG.java:1212)
at org.testng.TestNG.runSuitesLocally(TestNG.java:1134)
at org.testng.TestNG.runSuites(TestNG.java:1063)
at org.testng.TestNG.run(TestNG.java:1031)
at org.testng.remote.AbstractRemoteTestNG.run(AbstractRemoteTestNG.java:115)
at org.testng.remote.RemoteTestNG.initAndRun(RemoteTestNG.java:293)
at org.testng.remote.RemoteTestNG.main(RemoteTestNG.java:91)
]]>
            </full-stacktrace>
          </exception> <!-- java.lang.AssertionError -->
          <reporter-output>
          </reporter-output>
        </test-method> <!-- limpiaCampo -->
        <test-method is-config="true" signature="Finalizar()[pri:0, instance:valuesite.tests.ModificacionPinTestRT@35cabb2a]" started-at="2024-04-22T11:36:17 CLT" name="Finalizar" finished-at="2024-04-22T11:36:17 CLT" duration-ms="169" status="PASS">
          <reporter-output>
          </reporter-output>
        </test-method> <!-- Finalizar -->
      </class> <!-- valuesite.tests.ModificacionPinTestRT -->
    </test> <!-- Modificacion pin RT -->
    <test started-at="2024-04-22T11:36:17 CLT" name="Modificacion pin Cliente" finished-at="2024-04-22T11:36:44 CLT" duration-ms="27179">
      <class name="valuesite.tests.ModificacionPinTestCliente">
        <test-method is-config="true" signature="lanzarNavegador()[pri:0, instance:valuesite.tests.ModificacionPinTestCliente@34a3d150]" started-at="2024-04-22T11:36:17 CLT" name="lanzarNavegador" finished-at="2024-04-22T11:36:23 CLT" duration-ms="6508" status="PASS">
          <reporter-output>
          </reporter-output>
        </test-method> <!-- lanzarNavegador -->
        <test-method is-config="true" signature="setUp()[pri:0, instance:valuesite.tests.ModificacionPinTestCliente@34a3d150]" started-at="2024-04-22T11:36:23 CLT" name="setUp" finished-at="2024-04-22T11:36:23 CLT" depends-on-methods="valuesite.testcomponents.BaseTest.lanzarNavegador" duration-ms="3" status="PASS">
          <reporter-output>
          </reporter-output>
        </test-method> <!-- setUp -->
        <test-method is-config="true" signature="ingresaMantenedor()[pri:0, instance:valuesite.tests.ModificacionPinTestCliente@34a3d150]" started-at="2024-04-22T11:36:23 CLT" name="ingresaMantenedor" finished-at="2024-04-22T11:36:30 CLT" duration-ms="6533" status="PASS">
          <reporter-output>
          </reporter-output>
        </test-method> <!-- ingresaMantenedor -->
        <test-method signature="vaciaCampo()[pri:1, instance:valuesite.tests.ModificacionPinTestCliente@34a3d150]" started-at="2024-04-22T11:36:30 CLT" name="vaciaCampo" finished-at="2024-04-22T11:36:30 CLT" duration-ms="131" status="PASS">
          <reporter-output>
          </reporter-output>
        </test-method> <!-- vaciaCampo -->
        <test-method signature="ingresarPin()[pri:2, instance:valuesite.tests.ModificacionPinTestCliente@34a3d150]" started-at="2024-04-22T11:36:30 CLT" name="ingresarPin" finished-at="2024-04-22T11:36:30 CLT" duration-ms="114" status="PASS">
          <reporter-output>
          </reporter-output>
        </test-method> <!-- ingresarPin -->
        <test-method signature="actualizaPin()[pri:3, instance:valuesite.tests.ModificacionPinTestCliente@34a3d150]" started-at="2024-04-22T11:36:30 CLT" name="actualizaPin" finished-at="2024-04-22T11:36:30 CLT" duration-ms="350" status="PASS">
          <reporter-output>
          </reporter-output>
        </test-method> <!-- actualizaPin -->
        <test-method signature="actualizaSinDatos()[pri:4, instance:valuesite.tests.ModificacionPinTestCliente@34a3d150]" started-at="2024-04-22T11:36:30 CLT" name="actualizaSinDatos" finished-at="2024-04-22T11:36:31 CLT" duration-ms="85" status="PASS">
          <reporter-output>
          </reporter-output>
        </test-method> <!-- actualizaSinDatos -->
        <test-method signature="actualizaConCaracteresEspeciales()[pri:5, instance:valuesite.tests.ModificacionPinTestCliente@34a3d150]" started-at="2024-04-22T11:36:31 CLT" name="actualizaConCaracteresEspeciales" finished-at="2024-04-22T11:36:44 CLT" duration-ms="13086" status="PASS">
          <reporter-output>
          </reporter-output>
        </test-method> <!-- actualizaConCaracteresEspeciales -->
        <test-method signature="limpiaCampo()[pri:6, instance:valuesite.tests.ModificacionPinTestCliente@34a3d150]" started-at="2024-04-22T11:36:44 CLT" name="limpiaCampo" finished-at="2024-04-22T11:36:44 CLT" duration-ms="109" status="PASS">
          <reporter-output>
          </reporter-output>
        </test-method> <!-- limpiaCampo -->
        <test-method signature="ingresaCaracteresEspeciales()[pri:7, instance:valuesite.tests.ModificacionPinTestCliente@34a3d150]" started-at="2024-04-22T11:36:44 CLT" name="ingresaCaracteresEspeciales" finished-at="2024-04-22T11:36:44 CLT" duration-ms="104" status="PASS">
          <reporter-output>
          </reporter-output>
        </test-method> <!-- ingresaCaracteresEspeciales -->
        <test-method is-config="true" signature="Finalizar()[pri:0, instance:valuesite.tests.ModificacionPinTestCliente@34a3d150]" started-at="2024-04-22T11:36:44 CLT" name="Finalizar" finished-at="2024-04-22T11:36:44 CLT" duration-ms="149" status="PASS">
          <reporter-output>
          </reporter-output>
        </test-method> <!-- Finalizar -->
      </class> <!-- valuesite.tests.ModificacionPinTestCliente -->
    </test> <!-- Modificacion pin Cliente -->
  </suite> <!-- Mantenedores Administrativos -->
</testng-results>
