<?xml version="1.0" encoding="UTF-8"?>
<testng-results ignored="0" total="27" passed="26" failed="1" skipped="0">
  <reporter-output>
  </reporter-output>
  <suite started-at="2024-04-26T14:54:22 CLT" name="Mantenedores Administrativos" finished-at="2024-04-26T14:56:49 CLT" duration-ms="146871">
    <groups>
    </groups>
    <test started-at="2024-04-26T14:54:22 CLT" name="Area RT" finished-at="2024-04-26T14:55:03 CLT" duration-ms="41240">
      <class name="valuesite.tests.MantenedorAreaTestRT">
        <test-method is-config="true" signature="lanzarNavegador()[pri:0, instance:valuesite.tests.MantenedorAreaTestRT@55de24cc]" started-at="2024-04-26T14:54:22 CLT" name="lanzarNavegador" finished-at="2024-04-26T14:54:28 CLT" duration-ms="5875" status="PASS">
          <reporter-output>
          </reporter-output>
        </test-method> <!-- lanzarNavegador -->
        <test-method is-config="true" signature="setUp()[pri:0, instance:valuesite.tests.MantenedorAreaTestRT@55de24cc]" started-at="2024-04-26T14:54:28 CLT" name="setUp" finished-at="2024-04-26T14:54:28 CLT" depends-on-methods="valuesite.testcomponents.BaseTest.lanzarNavegador" duration-ms="18" status="PASS">
          <reporter-output>
          </reporter-output>
        </test-method> <!-- setUp -->
        <test-method is-config="true" signature="ingresaMantenedor()[pri:0, instance:valuesite.tests.MantenedorAreaTestRT@55de24cc]" started-at="2024-04-26T14:54:28 CLT" name="ingresaMantenedor" finished-at="2024-04-26T14:54:37 CLT" duration-ms="9550" status="PASS">
          <reporter-output>
          </reporter-output>
        </test-method> <!-- ingresaMantenedor -->
        <test-method signature="nombreObligatorioTest()[pri:1, instance:valuesite.tests.MantenedorAreaTestRT@55de24cc]" started-at="2024-04-26T14:54:37 CLT" name="nombreObligatorioTest" finished-at="2024-04-26T14:54:37 CLT" duration-ms="125" status="PASS">
          <reporter-output>
          </reporter-output>
        </test-method> <!-- nombreObligatorioTest -->
        <test-method signature="creaAreaActivaTest()[pri:2, instance:valuesite.tests.MantenedorAreaTestRT@55de24cc]" started-at="2024-04-26T14:54:37 CLT" name="creaAreaActivaTest" finished-at="2024-04-26T14:54:41 CLT" duration-ms="4165" status="PASS">
          <reporter-output>
          </reporter-output>
        </test-method> <!-- creaAreaActivaTest -->
        <test-method signature="creaAreaInactivaTest()[pri:3, instance:valuesite.tests.MantenedorAreaTestRT@55de24cc]" started-at="2024-04-26T14:54:41 CLT" name="creaAreaInactivaTest" finished-at="2024-04-26T14:54:46 CLT" duration-ms="4437" status="PASS">
          <reporter-output>
          </reporter-output>
        </test-method> <!-- creaAreaInactivaTest -->
        <test-method signature="modificaAreaTest()[pri:4, instance:valuesite.tests.MantenedorAreaTestRT@55de24cc]" started-at="2024-04-26T14:54:46 CLT" name="modificaAreaTest" finished-at="2024-04-26T14:54:52 CLT" duration-ms="6361" status="PASS">
          <reporter-output>
          </reporter-output>
        </test-method> <!-- modificaAreaTest -->
        <test-method signature="filtroNombreAreaTest()[pri:5, instance:valuesite.tests.MantenedorAreaTestRT@55de24cc]" started-at="2024-04-26T14:54:52 CLT" name="filtroNombreAreaTest" finished-at="2024-04-26T14:54:55 CLT" duration-ms="2491" status="PASS">
          <reporter-output>
          </reporter-output>
        </test-method> <!-- filtroNombreAreaTest -->
        <test-method signature="filtroEstadoAreaTest()[pri:6, instance:valuesite.tests.MantenedorAreaTestRT@55de24cc]" started-at="2024-04-26T14:54:55 CLT" name="filtroEstadoAreaTest" finished-at="2024-04-26T14:55:03 CLT" duration-ms="7986" status="PASS">
          <reporter-output>
          </reporter-output>
        </test-method> <!-- filtroEstadoAreaTest -->
        <test-method is-config="true" signature="Finalizar()[pri:0, instance:valuesite.tests.MantenedorAreaTestRT@55de24cc]" started-at="2024-04-26T14:55:03 CLT" name="Finalizar" finished-at="2024-04-26T14:55:03 CLT" duration-ms="184" status="PASS">
          <reporter-output>
          </reporter-output>
        </test-method> <!-- Finalizar -->
      </class> <!-- valuesite.tests.MantenedorAreaTestRT -->
    </test> <!-- Area RT -->
    <test started-at="2024-04-26T14:55:03 CLT" name="Area Ciente" finished-at="2024-04-26T14:56:25 CLT" duration-ms="81567">
      <class name="valuesite.tests.MantenedorAreaTestCliente">
        <test-method is-config="true" signature="lanzarNavegador()[pri:0, instance:valuesite.tests.MantenedorAreaTestCliente@6cd24612]" started-at="2024-04-26T14:55:03 CLT" name="lanzarNavegador" finished-at="2024-04-26T14:55:14 CLT" duration-ms="10434" status="PASS">
          <reporter-output>
          </reporter-output>
        </test-method> <!-- lanzarNavegador -->
        <test-method is-config="true" signature="setUp()[pri:0, instance:valuesite.tests.MantenedorAreaTestCliente@6cd24612]" started-at="2024-04-26T14:55:14 CLT" name="setUp" finished-at="2024-04-26T14:55:14 CLT" depends-on-methods="valuesite.testcomponents.BaseTest.lanzarNavegador" duration-ms="5" status="PASS">
          <reporter-output>
          </reporter-output>
        </test-method> <!-- setUp -->
        <test-method is-config="true" signature="ingresaMantenedor()[pri:0, instance:valuesite.tests.MantenedorAreaTestCliente@6cd24612]" started-at="2024-04-26T14:55:14 CLT" name="ingresaMantenedor" finished-at="2024-04-26T14:55:22 CLT" duration-ms="8460" status="PASS">
          <reporter-output>
          </reporter-output>
        </test-method> <!-- ingresaMantenedor -->
        <test-method signature="nombreObligatorioTest()[pri:1, instance:valuesite.tests.MantenedorAreaTestCliente@6cd24612]" started-at="2024-04-26T14:55:22 CLT" name="nombreObligatorioTest" finished-at="2024-04-26T14:55:24 CLT" duration-ms="1689" status="PASS">
          <reporter-output>
          </reporter-output>
        </test-method> <!-- nombreObligatorioTest -->
        <test-method signature="clienteObligatorioTest()[pri:2, instance:valuesite.tests.MantenedorAreaTestCliente@6cd24612]" started-at="2024-04-26T14:55:24 CLT" name="clienteObligatorioTest" finished-at="2024-04-26T14:55:24 CLT" duration-ms="245" status="PASS">
          <reporter-output>
          </reporter-output>
        </test-method> <!-- clienteObligatorioTest -->
        <test-method signature="creaAreaActivaTest()[pri:3, instance:valuesite.tests.MantenedorAreaTestCliente@6cd24612]" started-at="2024-04-26T14:55:24 CLT" name="creaAreaActivaTest" finished-at="2024-04-26T14:55:33 CLT" duration-ms="8537" status="PASS">
          <reporter-output>
          </reporter-output>
        </test-method> <!-- creaAreaActivaTest -->
        <test-method signature="creaAreaInactivaTest()[pri:4, instance:valuesite.tests.MantenedorAreaTestCliente@6cd24612]" started-at="2024-04-26T14:55:33 CLT" name="creaAreaInactivaTest" finished-at="2024-04-26T14:55:44 CLT" duration-ms="11754" status="PASS">
          <reporter-output>
          </reporter-output>
        </test-method> <!-- creaAreaInactivaTest -->
        <test-method signature="modificaAreaTest()[pri:5, instance:valuesite.tests.MantenedorAreaTestCliente@6cd24612]" started-at="2024-04-26T14:55:44 CLT" name="modificaAreaTest" finished-at="2024-04-26T14:56:04 CLT" duration-ms="19275" status="PASS">
          <reporter-output>
          </reporter-output>
        </test-method> <!-- modificaAreaTest -->
        <test-method signature="filtroNombreAreaTest()[pri:6, instance:valuesite.tests.MantenedorAreaTestCliente@6cd24612]" started-at="2024-04-26T14:56:04 CLT" name="filtroNombreAreaTest" finished-at="2024-04-26T14:56:09 CLT" duration-ms="5188" status="PASS">
          <reporter-output>
          </reporter-output>
        </test-method> <!-- filtroNombreAreaTest -->
        <test-method signature="filtroEstadoAreaTest()[pri:7, instance:valuesite.tests.MantenedorAreaTestCliente@6cd24612]" started-at="2024-04-26T14:56:09 CLT" name="filtroEstadoAreaTest" finished-at="2024-04-26T14:56:16 CLT" duration-ms="7584" status="PASS">
          <reporter-output>
          </reporter-output>
        </test-method> <!-- filtroEstadoAreaTest -->
        <test-method signature="selectClienteTest()[pri:8, instance:valuesite.tests.MantenedorAreaTestCliente@6cd24612]" started-at="2024-04-26T14:56:16 CLT" name="selectClienteTest" finished-at="2024-04-26T14:56:25 CLT" duration-ms="8226" status="PASS">
          <reporter-output>
          </reporter-output>
        </test-method> <!-- selectClienteTest -->
        <test-method is-config="true" signature="Finalizar()[pri:0, instance:valuesite.tests.MantenedorAreaTestCliente@6cd24612]" started-at="2024-04-26T14:56:25 CLT" name="Finalizar" finished-at="2024-04-26T14:56:25 CLT" duration-ms="161" status="PASS">
          <reporter-output>
          </reporter-output>
        </test-method> <!-- Finalizar -->
      </class> <!-- valuesite.tests.MantenedorAreaTestCliente -->
    </test> <!-- Area Ciente -->
    <test started-at="2024-04-26T14:56:25 CLT" name="Modificacion PIN RT" finished-at="2024-04-26T14:56:37 CLT" duration-ms="12279">
      <class name="valuesite.tests.ModificacionPinTestRT">
        <test-method is-config="true" signature="lanzarNavegador()[pri:0, instance:valuesite.tests.ModificacionPinTestRT@24c1b2d2]" started-at="2024-04-26T14:56:25 CLT" name="lanzarNavegador" finished-at="2024-04-26T14:56:29 CLT" duration-ms="4120" status="PASS">
          <reporter-output>
          </reporter-output>
        </test-method> <!-- lanzarNavegador -->
        <test-method is-config="true" signature="setUp()[pri:0, instance:valuesite.tests.ModificacionPinTestRT@24c1b2d2]" started-at="2024-04-26T14:56:29 CLT" name="setUp" finished-at="2024-04-26T14:56:29 CLT" depends-on-methods="valuesite.testcomponents.BaseTest.lanzarNavegador" duration-ms="4" status="PASS">
          <reporter-output>
          </reporter-output>
        </test-method> <!-- setUp -->
        <test-method is-config="true" signature="ingresaMantenedor()[pri:0, instance:valuesite.tests.ModificacionPinTestRT@24c1b2d2]" started-at="2024-04-26T14:56:29 CLT" name="ingresaMantenedor" finished-at="2024-04-26T14:56:35 CLT" duration-ms="5572" status="PASS">
          <reporter-output>
          </reporter-output>
        </test-method> <!-- ingresaMantenedor -->
        <test-method signature="vaciaCampo()[pri:1, instance:valuesite.tests.ModificacionPinTestRT@24c1b2d2]" started-at="2024-04-26T14:56:35 CLT" name="vaciaCampo" finished-at="2024-04-26T14:56:35 CLT" duration-ms="98" status="PASS">
          <reporter-output>
          </reporter-output>
        </test-method> <!-- vaciaCampo -->
        <test-method signature="ingresarPin()[pri:2, instance:valuesite.tests.ModificacionPinTestRT@24c1b2d2]" started-at="2024-04-26T14:56:35 CLT" name="ingresarPin" finished-at="2024-04-26T14:56:35 CLT" duration-ms="95" status="PASS">
          <reporter-output>
          </reporter-output>
        </test-method> <!-- ingresarPin -->
        <test-method signature="actualizaPin()[pri:3, instance:valuesite.tests.ModificacionPinTestRT@24c1b2d2]" started-at="2024-04-26T14:56:35 CLT" name="actualizaPin" finished-at="2024-04-26T14:56:35 CLT" duration-ms="341" status="PASS">
          <reporter-output>
          </reporter-output>
        </test-method> <!-- actualizaPin -->
        <test-method signature="actualizaSinDatos()[pri:4, instance:valuesite.tests.ModificacionPinTestRT@24c1b2d2]" started-at="2024-04-26T14:56:35 CLT" name="actualizaSinDatos" finished-at="2024-04-26T14:56:35 CLT" duration-ms="92" status="PASS">
          <reporter-output>
          </reporter-output>
        </test-method> <!-- actualizaSinDatos -->
        <test-method signature="actualizaConCaracteresEspeciales()[pri:5, instance:valuesite.tests.ModificacionPinTestRT@24c1b2d2]" started-at="2024-04-26T14:56:35 CLT" name="actualizaConCaracteresEspeciales" finished-at="2024-04-26T14:56:37 CLT" duration-ms="1570" status="PASS">
          <reporter-output>
          </reporter-output>
        </test-method> <!-- actualizaConCaracteresEspeciales -->
        <test-method signature="limpiaCampo()[pri:6, instance:valuesite.tests.ModificacionPinTestRT@24c1b2d2]" started-at="2024-04-26T14:56:37 CLT" name="limpiaCampo" finished-at="2024-04-26T14:56:37 CLT" duration-ms="116" status="FAIL">
          <exception class="java.lang.AssertionError">
            <message>
              <![CDATA[expected [true] but found [false]]]>
            </message>
            <full-stacktrace>
              <![CDATA[java.lang.AssertionError: expected [true] but found [false]
at org.testng.Assert.fail(Assert.java:99)
at org.testng.Assert.failNotEquals(Assert.java:1037)
at org.testng.Assert.assertTrue(Assert.java:45)
at org.testng.Assert.assertTrue(Assert.java:55)
at valuesite.tests.ModificacionPinTestRT.limpiaCampo(ModificacionPinTestRT.java:169)
at java.base/jdk.internal.reflect.DirectMethodHandleAccessor.invoke(DirectMethodHandleAccessor.java:103)
at java.base/java.lang.reflect.Method.invoke(Method.java:580)
at org.testng.internal.MethodInvocationHelper.invokeMethod(MethodInvocationHelper.java:133)
at org.testng.internal.TestInvoker.invokeMethod(TestInvoker.java:598)
at org.testng.internal.TestInvoker.invokeTestMethod(TestInvoker.java:173)
at org.testng.internal.MethodRunner.runInSequence(MethodRunner.java:46)
at org.testng.internal.TestInvoker$MethodInvocationAgent.invoke(TestInvoker.java:824)
at org.testng.internal.TestInvoker.invokeTestMethods(TestInvoker.java:146)
at org.testng.internal.TestMethodWorker.invokeTestMethods(TestMethodWorker.java:146)
at org.testng.internal.TestMethodWorker.run(TestMethodWorker.java:128)
at java.base/java.util.ArrayList.forEach(ArrayList.java:1596)
at org.testng.TestRunner.privateRun(TestRunner.java:794)
at org.testng.TestRunner.run(TestRunner.java:596)
at org.testng.SuiteRunner.runTest(SuiteRunner.java:377)
at org.testng.SuiteRunner.runSequentially(SuiteRunner.java:371)
at org.testng.SuiteRunner.privateRun(SuiteRunner.java:332)
at org.testng.SuiteRunner.run(SuiteRunner.java:276)
at org.testng.SuiteRunnerWorker.runSuite(SuiteRunnerWorker.java:53)
at org.testng.SuiteRunnerWorker.run(SuiteRunnerWorker.java:96)
at org.testng.TestNG.runSuitesSequentially(TestNG.java:1212)
at org.testng.TestNG.runSuitesLocally(TestNG.java:1134)
at org.testng.TestNG.runSuites(TestNG.java:1063)
at org.testng.TestNG.run(TestNG.java:1031)
at org.testng.remote.AbstractRemoteTestNG.run(AbstractRemoteTestNG.java:115)
at org.testng.remote.RemoteTestNG.initAndRun(RemoteTestNG.java:293)
at org.testng.remote.RemoteTestNG.main(RemoteTestNG.java:91)
]]>
            </full-stacktrace>
          </exception> <!-- java.lang.AssertionError -->
          <reporter-output>
          </reporter-output>
        </test-method> <!-- limpiaCampo -->
        <test-method is-config="true" signature="Finalizar()[pri:0, instance:valuesite.tests.ModificacionPinTestRT@24c1b2d2]" started-at="2024-04-26T14:56:37 CLT" name="Finalizar" finished-at="2024-04-26T14:56:37 CLT" duration-ms="137" status="PASS">
          <reporter-output>
          </reporter-output>
        </test-method> <!-- Finalizar -->
      </class> <!-- valuesite.tests.ModificacionPinTestRT -->
    </test> <!-- Modificacion PIN RT -->
    <test started-at="2024-04-26T14:56:37 CLT" name="Modificacion PIN Cliente" finished-at="2024-04-26T14:56:49 CLT" duration-ms="11462">
      <class name="valuesite.tests.ModificacionPinTestCliente">
        <test-method is-config="true" signature="lanzarNavegador()[pri:0, instance:valuesite.tests.ModificacionPinTestCliente@7486b455]" started-at="2024-04-26T14:56:37 CLT" name="lanzarNavegador" finished-at="2024-04-26T14:56:41 CLT" duration-ms="3945" status="PASS">
          <reporter-output>
          </reporter-output>
        </test-method> <!-- lanzarNavegador -->
        <test-method is-config="true" signature="setUp()[pri:0, instance:valuesite.tests.ModificacionPinTestCliente@7486b455]" started-at="2024-04-26T14:56:41 CLT" name="setUp" finished-at="2024-04-26T14:56:41 CLT" depends-on-methods="valuesite.testcomponents.BaseTest.lanzarNavegador" duration-ms="3" status="PASS">
          <reporter-output>
          </reporter-output>
        </test-method> <!-- setUp -->
        <test-method is-config="true" signature="ingresaMantenedor()[pri:0, instance:valuesite.tests.ModificacionPinTestCliente@7486b455]" started-at="2024-04-26T14:56:41 CLT" name="ingresaMantenedor" finished-at="2024-04-26T14:56:46 CLT" duration-ms="5016" status="PASS">
          <reporter-output>
          </reporter-output>
        </test-method> <!-- ingresaMantenedor -->
        <test-method signature="vaciaCampo()[pri:1, instance:valuesite.tests.ModificacionPinTestCliente@7486b455]" started-at="2024-04-26T14:56:46 CLT" name="vaciaCampo" finished-at="2024-04-26T14:56:46 CLT" duration-ms="114" status="PASS">
          <reporter-output>
          </reporter-output>
        </test-method> <!-- vaciaCampo -->
        <test-method signature="ingresarPin()[pri:2, instance:valuesite.tests.ModificacionPinTestCliente@7486b455]" started-at="2024-04-26T14:56:46 CLT" name="ingresarPin" finished-at="2024-04-26T14:56:46 CLT" duration-ms="89" status="PASS">
          <reporter-output>
          </reporter-output>
        </test-method> <!-- ingresarPin -->
        <test-method signature="actualizaPin()[pri:3, instance:valuesite.tests.ModificacionPinTestCliente@7486b455]" started-at="2024-04-26T14:56:46 CLT" name="actualizaPin" finished-at="2024-04-26T14:56:47 CLT" duration-ms="326" status="PASS">
          <reporter-output>
          </reporter-output>
        </test-method> <!-- actualizaPin -->
        <test-method signature="actualizaSinDatos()[pri:4, instance:valuesite.tests.ModificacionPinTestCliente@7486b455]" started-at="2024-04-26T14:56:47 CLT" name="actualizaSinDatos" finished-at="2024-04-26T14:56:47 CLT" duration-ms="79" status="PASS">
          <reporter-output>
          </reporter-output>
        </test-method> <!-- actualizaSinDatos -->
        <test-method signature="actualizaConCaracteresEspeciales()[pri:5, instance:valuesite.tests.ModificacionPinTestCliente@7486b455]" started-at="2024-04-26T14:56:47 CLT" name="actualizaConCaracteresEspeciales" finished-at="2024-04-26T14:56:48 CLT" duration-ms="1529" status="PASS">
          <reporter-output>
          </reporter-output>
        </test-method> <!-- actualizaConCaracteresEspeciales -->
        <test-method signature="limpiaCampo()[pri:6, instance:valuesite.tests.ModificacionPinTestCliente@7486b455]" started-at="2024-04-26T14:56:48 CLT" name="limpiaCampo" finished-at="2024-04-26T14:56:48 CLT" duration-ms="114" status="PASS">
          <reporter-output>
          </reporter-output>
        </test-method> <!-- limpiaCampo -->
        <test-method signature="ingresaCaracteresEspeciales()[pri:7, instance:valuesite.tests.ModificacionPinTestCliente@7486b455]" started-at="2024-04-26T14:56:48 CLT" name="ingresaCaracteresEspeciales" finished-at="2024-04-26T14:56:48 CLT" duration-ms="111" status="PASS">
          <reporter-output>
          </reporter-output>
        </test-method> <!-- ingresaCaracteresEspeciales -->
        <test-method is-config="true" signature="Finalizar()[pri:0, instance:valuesite.tests.ModificacionPinTestCliente@7486b455]" started-at="2024-04-26T14:56:48 CLT" name="Finalizar" finished-at="2024-04-26T14:56:49 CLT" duration-ms="129" status="PASS">
          <reporter-output>
          </reporter-output>
        </test-method> <!-- Finalizar -->
      </class> <!-- valuesite.tests.ModificacionPinTestCliente -->
    </test> <!-- Modificacion PIN Cliente -->
  </suite> <!-- Mantenedores Administrativos -->
</testng-results>
